0 info it worked if it ends with ok
1 verbose cli [ '/usr/local/bin/node',
1 verbose cli   '/usr/local/bin/npm',
1 verbose cli   'install',
1 verbose cli   '--save-dev',
1 verbose cli   'gulp-watch' ]
2 info using npm@2.11.3
3 info using node@v0.12.7
4 verbose install initial load of /var/www/html/ensue-me/package.json
5 warn package.json @ No repository field.
6 warn package.json @ No license field.
7 verbose installManyTop reading scoped package data from /var/www/html/ensue-me/node_modules/gulp/package.json
8 verbose installManyTop reading scoped package data from /var/www/html/ensue-me/node_modules/laravel-elixir/package.json
9 verbose readDependencies loading dependencies from /var/www/html/ensue-me/package.json
10 silly cache add args [ 'gulp-watch', null ]
11 verbose cache add spec gulp-watch
12 silly cache add parsed spec { raw: 'gulp-watch',
12 silly cache add   scope: null,
12 silly cache add   name: 'gulp-watch',
12 silly cache add   rawSpec: '',
12 silly cache add   spec: '*',
12 silly cache add   type: 'range' }
13 silly addNamed gulp-watch@*
14 verbose addNamed "*" is a valid semver range for gulp-watch
15 silly addNameRange { name: 'gulp-watch', range: '*', hasData: false }
16 silly mapToRegistry name gulp-watch
17 silly mapToRegistry using default registry
18 silly mapToRegistry registry https://registry.npmjs.org/
19 silly mapToRegistry uri https://registry.npmjs.org/gulp-watch
20 verbose addNameRange registry:https://registry.npmjs.org/gulp-watch not in flight; fetching
21 verbose request uri https://registry.npmjs.org/gulp-watch
22 verbose request no auth needed
23 info attempt registry request try #1 at 10:33:27
24 verbose request id 4140b6ef450852d3
25 http request GET https://registry.npmjs.org/gulp-watch
26 http 200 https://registry.npmjs.org/gulp-watch
27 silly get cb [ 200,
27 silly get   { server: 'CouchDB/1.5.0 (Erlang OTP/R16B03)',
27 silly get     etag: '"AOQBQZ9PJJ3NHVOG36LM2RS7C"',
27 silly get     'content-type': 'application/json',
27 silly get     'cache-control': 'max-age=60',
27 silly get     'content-length': '114379',
27 silly get     'accept-ranges': 'bytes',
27 silly get     date: 'Sun, 02 Aug 2015 05:03:31 GMT',
27 silly get     via: '1.1 varnish',
27 silly get     age: '0',
27 silly get     connection: 'keep-alive',
27 silly get     'x-served-by': 'cache-fra1222-FRA',
27 silly get     'x-cache': 'MISS',
27 silly get     'x-cache-hits': '0',
27 silly get     'x-timer': 'S1438491811.109490,VS0,VE833',
27 silly get     vary: 'Accept' } ]
28 verbose get saving gulp-watch to /home/ubuntu/.npm/registry.npmjs.org/gulp-watch/.cache.json
29 silly addNameRange number 2 { name: 'gulp-watch', range: '*', hasData: true }
30 silly addNameRange versions [ 'gulp-watch',
30 silly addNameRange   [ '0.0.1',
30 silly addNameRange     '0.0.2',
30 silly addNameRange     '0.0.3',
30 silly addNameRange     '0.0.4',
30 silly addNameRange     '0.1.0',
30 silly addNameRange     '0.1.1',
30 silly addNameRange     '0.1.2',
30 silly addNameRange     '0.1.3',
30 silly addNameRange     '0.2.0',
30 silly addNameRange     '0.2.1',
30 silly addNameRange     '0.2.2',
30 silly addNameRange     '0.2.3',
30 silly addNameRange     '0.2.4',
30 silly addNameRange     '0.2.5',
30 silly addNameRange     '0.2.6',
30 silly addNameRange     '0.2.7',
30 silly addNameRange     '0.3.0',
30 silly addNameRange     '0.3.1',
30 silly addNameRange     '0.3.2',
30 silly addNameRange     '0.3.3',
30 silly addNameRange     '0.3.4',
30 silly addNameRange     '0.4.0',
30 silly addNameRange     '0.4.1',
30 silly addNameRange     '0.4.2',
30 silly addNameRange     '0.5.0',
30 silly addNameRange     '0.5.2',
30 silly addNameRange     '0.5.3',
30 silly addNameRange     '0.5.4',
30 silly addNameRange     '0.6.0',
30 silly addNameRange     '0.6.1',
30 silly addNameRange     '0.6.2',
30 silly addNameRange     '0.6.3',
30 silly addNameRange     '0.6.4',
30 silly addNameRange     '0.6.5',
30 silly addNameRange     '0.6.6',
30 silly addNameRange     '0.7.0-alpha2',
30 silly addNameRange     '0.6.6-1',
30 silly addNameRange     '0.6.7',
30 silly addNameRange     '0.6.8',
30 silly addNameRange     '0.7.0-alpha3',
30 silly addNameRange     '0.6.9',
30 silly addNameRange     '0.6.10',
30 silly addNameRange     '0.7.0',
30 silly addNameRange     '0.7.1',
30 silly addNameRange     '1.0.0',
30 silly addNameRange     '1.0.2',
30 silly addNameRange     '1.0.3',
30 silly addNameRange     '1.0.4',
30 silly addNameRange     '1.0.5',
30 silly addNameRange     '1.0.6',
30 silly addNameRange     '1.0.7',
30 silly addNameRange     '1.1.0',
30 silly addNameRange     '1.2.0',
30 silly addNameRange     '1.0.8',
30 silly addNameRange     '1.1.1',
30 silly addNameRange     '1.2.1',
30 silly addNameRange     '2.0.0',
30 silly addNameRange     '3.0.0',
30 silly addNameRange     '4.0.0',
30 silly addNameRange     '4.0.1',
30 silly addNameRange     '4.0.2',
30 silly addNameRange     '4.0.3',
30 silly addNameRange     '4.1.0',
30 silly addNameRange     '4.1.1',
30 silly addNameRange     '4.2.0',
30 silly addNameRange     '4.2.1',
30 silly addNameRange     '4.2.2',
30 silly addNameRange     '4.2.3',
30 silly addNameRange     '4.2.4',
30 silly addNameRange     '4.2.5',
30 silly addNameRange     '4.3.0',
30 silly addNameRange     '4.3.1',
30 silly addNameRange     '4.3.2',
30 silly addNameRange     '4.3.3',
30 silly addNameRange     '4.3.4' ] ]
31 silly addNamed gulp-watch@4.3.4
32 verbose addNamed "4.3.4" is a plain semver version for gulp-watch
33 silly cache afterAdd gulp-watch@4.3.4
34 verbose afterAdd /home/ubuntu/.npm/gulp-watch/4.3.4/package/package.json not in flight; writing
35 verbose afterAdd /home/ubuntu/.npm/gulp-watch/4.3.4/package/package.json written
36 silly install resolved [ { name: 'gulp-watch',
36 silly install resolved     version: '4.3.4',
36 silly install resolved     description: 'Watch, that actually is an endless stream',
36 silly install resolved     main: 'index.js',
36 silly install resolved     keywords: [ 'gulp', 'watch', 'gulpplugin' ],
36 silly install resolved     scripts:
36 silly install resolved      { test: 'mocha -R spec test/test-*',
36 silly install resolved        coverage: 'istanbul cover node_modules/.bin/_mocha --report html -- -R spec',
36 silly install resolved        coveralls: 'istanbul cover _mocha --report lcovonly -- -R spec && cat ./coverage/lcov.info | coveralls && rm -rf ./coverage' },
36 silly install resolved     files: [ 'index.js' ],
36 silly install resolved     repository:
36 silly install resolved      { type: 'git',
36 silly install resolved        url: 'git://github.com/floatdrop/gulp-watch.git' },
36 silly install resolved     author: { name: 'Vsevolod Strukchinsky' },
36 silly install resolved     license: 'MIT',
36 silly install resolved     bugs: { url: 'https://github.com/floatdrop/gulp-watch/issues' },
36 silly install resolved     devDependencies:
36 silly install resolved      { coveralls: '^2.7.0',
36 silly install resolved        istanbul: '^0.3.0',
36 silly install resolved        mocha: '^2',
36 silly install resolved        'mocha-lcov-reporter': '0.0.2',
36 silly install resolved        proxyquire: '^1.0.1',
36 silly install resolved        rimraf: '^2.2.8',
36 silly install resolved        should: '~7',
36 silly install resolved        sinon: '^1.9.1',
36 silly install resolved        'stream-assert': '^2.0.1',
36 silly install resolved        'strip-ansi': '^3.0.0' },
36 silly install resolved     dependencies:
36 silly install resolved      { anymatch: '^1.3.0',
36 silly install resolved        chokidar: '^1.0.3',
36 silly install resolved        glob: '^5.0.13',
36 silly install resolved        glob2base: '0.0.12',
36 silly install resolved        'gulp-util': '^3.0.6',
36 silly install resolved        'path-is-absolute': '^1.0.0',
36 silly install resolved        'readable-stream': '^2.0.1',
36 silly install resolved        vinyl: '^0.5.0',
36 silly install resolved        'vinyl-file': '^1.2.1' },
36 silly install resolved     engine: 'node >= 0.10',
36 silly install resolved     readme: '# [gulp](https://github.com/gulpjs/gulp)-watch [![NPM version][npm-image]][npm-url] [![Build Status][travis-image]][travis-url] [![Dependency Status][depstat-image]][depstat-url]\n\nFile watcher that uses super-fast [chokidar](https://github.com/paulmillr/chokidar) and emits vinyl objects.\n\n## Installation\n\nRun `npm install --save-dev gulp-watch`.\n\n## Usage\n\n```js\nvar gulp = require(\'gulp\'),\n    watch = require(\'gulp-watch\');\n\ngulp.task(\'stream\', function () {\n    return gulp.src(\'css/**/*.css\')\n        .pipe(watch(\'css/**/*.css\'))\n        .pipe(gulp.dest(\'build\'));\n});\n\ngulp.task(\'callback\', function (cb) {\n    watch(\'css/**/*.css\', function () {\n        gulp.src(\'css/**/*.css\')\n            .pipe(watch(\'css/**/*.css\'))\n            .on(\'end\', cb);\n    });\n});\n```\n\n> __Protip:__ until gulpjs 4.0 is released, you can use [gulp-plumber](https://github.com/floatdrop/gulp-plumber) to prevent stops on errors.\n\nMore examples can be found in [`docs/readme.md`](/docs/readme.md).\n\n## API\n\n### watch(glob, [options, callback])\n\nCreates a watcher that will spy on files that are matched by `glob` which can be a\nglob string or array of glob strings.\n\nReturns a pass through stream that will emit vinyl files\n(with additional `event` property) that corresponds to event on file-system.\n\n#### Callback `function(vinyl)`\n\nThis function is called when events happen on the file-system.\nAll incoming files that are piped in are grouped and passed to the `events` stream as is.\n\n * `vinyl` — is [vinyl](https://github.com/wearefractal/vinyl) object that corresponds to the file that caused the event. Additional `event` field is added to determine what caused changes.\n\nPossible events:\n\n * `add` - file was added to watch or created\n * `change` - file was changed\n * `unlink` - file was deleted\n\n#### Options\n\nThis object is passed to the [`chokidar` options](https://github.com/paulmillr/chokidar#api) directly. Options for [`gulp.src`](https://github.com/gulpjs/gulp/blob/master/docs/API.md#options) are also available. If you do not want content from `watch`, then add `read: false` to the `options` object.\n\n#### options.[ignoreInitial](https://github.com/paulmillr/chokidar#path-filtering)\nType: `Boolean`  \nDefault: `true`\n\n> Indicates whether chokidar should ignore the initial add events or not.\n\n#### options.events\nType: `Array`  \nDefault: `[\'add\', \'change\', \'unlink\']`\n\nList of events, that should be watched by gulp-watch. Contains [event names from chokidar](https://github.com/paulmillr/chokidar#events).\n\n#### options.base\nType: `String`  \nDefault: `undefined`\n\nUse explicit base path for files from `glob`. Read more about `base` and `cwd` in [gulpjs docs](https://github.com/gulpjs/gulp/blob/master/docs/API.md#options).\n\n#### options.name\nType: `String`  \nDefault: `undefined`\n\nName of the watcher. If it is present in options, you will get more readable output.\n\n#### options.verbose\nType: `Boolean`  \nDefault: `false`\n\nThis option will enable verbose output.\n\n#### options.readDelay\nType: `Number`  \nDefault: `10`\n\nWait for `readDelay` milliseconds before reading the file.\n\n### Methods\n\nReturned `Stream` from constructor has some useful methods:\n\n * `add(path / paths)`\n * `unwatch(path / paths)`\n * `close()`\n\n### Events\n\nAll events from [chokidar](npmjs.com/chokidar):\n\n * `add`, `change`, `unlink`, `addDir`, `unlinkDir`, `error`, `ready`, `raw`\n\n\n### [Changelog](https://github.com/floatdrop/gulp-watch/releases)\n\n## License\n\nMIT (c) 2014 Vsevolod Strukchinsky (floatdrop@gmail.com)\n\n[npm-url]: https://npmjs.org/package/gulp-watch\n[npm-image]: http://img.shields.io/npm/v/gulp-watch.svg?style=flat\n\n[travis-url]: https://travis-ci.org/floatdrop/gulp-watch\n[travis-image]: http://img.shields.io/travis/floatdrop/gulp-watch.svg?style=flat\n\n[depstat-url]: https://david-dm.org/floatdrop/gulp-watch\n[depstat-image]: http://img.shields.io/david/floatdrop/gulp-watch.svg?style=flat\n',
36 silly install resolved     readmeFilename: 'README.md',
36 silly install resolved     homepage: 'https://github.com/floatdrop/gulp-watch#readme',
36 silly install resolved     _id: 'gulp-watch@4.3.4',
36 silly install resolved     _from: 'gulp-watch@*' } ]
37 info install gulp-watch@4.3.4 into /var/www/html/ensue-me
38 info installOne gulp-watch@4.3.4
39 verbose installOne of gulp-watch to /var/www/html/ensue-me not in flight; installing
40 warn locking Error: EACCES, open '/home/ubuntu/.npm/_locks/gulp-watch-765747e91020c9e8.lock'
40 warn locking     at Error (native)
40 warn locking  /home/ubuntu/.npm/_locks/gulp-watch-765747e91020c9e8.lock failed { [Error: EACCES, open '/home/ubuntu/.npm/_locks/gulp-watch-765747e91020c9e8.lock']
40 warn locking   errno: -13,
40 warn locking   code: 'EACCES',
40 warn locking   path: '/home/ubuntu/.npm/_locks/gulp-watch-765747e91020c9e8.lock' }
41 verbose stack Error: Attempt to unlock /var/www/html/ensue-me/node_modules/gulp-watch, which hasn't been locked
41 verbose stack     at unlock (/usr/local/lib/node_modules/npm/lib/utils/locker.js:66:11)
41 verbose stack     at cb (/usr/local/lib/node_modules/npm/lib/install.js:1017:5)
41 verbose stack     at /usr/local/lib/node_modules/npm/lib/install.js:1021:20
41 verbose stack     at /usr/local/lib/node_modules/npm/lib/utils/locker.js:40:9
41 verbose stack     at cb (/usr/local/lib/node_modules/npm/node_modules/lockfile/lockfile.js:149:38)
41 verbose stack     at /usr/local/lib/node_modules/npm/node_modules/lockfile/lockfile.js:177:38
41 verbose stack     at FSReqWrap.oncomplete (fs.js:95:15)
42 verbose cwd /var/www/html/ensue-me
43 error Linux 3.16.0-30-generic
44 error argv "/usr/local/bin/node" "/usr/local/bin/npm" "install" "--save-dev" "gulp-watch"
45 error node v0.12.7
46 error npm  v2.11.3
47 error Attempt to unlock /var/www/html/ensue-me/node_modules/gulp-watch, which hasn't been locked
48 error If you need help, you may report this error at:
48 error     <https://github.com/npm/npm/issues>
49 verbose exit [ 1, true ]
